# project  configured on Sun Feb 16 17:36:37 2014 by
# waf 1.6.11 (abi 98, python 20706f0 on linux2)
# using ./waf configure
#
----------------------------------------
Setting top to
/w/ugrad.20/cs/zheyuan/CS118Lab1/cs118-project1/CS118-Project1
----------------------------------------
Setting out to
/w/ugrad.20/cs/zheyuan/CS118Lab1/cs118-project1/CS118-Project1/build
----------------------------------------
Checking for 'gcc' (c compiler)
find program=['gcc', 'cc'] paths=['/usr/local/cs/bin', '/usr/lib64/qt-3.3/bin', '/usr/local/bin', '/bin', '/usr/bin', '/usr/X11R6/bin', '/opt/dell/srvadmin/bin', '/u/cs/ugrad/zheyuan/bin', '/usr/local/cs/bin'] var='CC' -> '/usr/local/cs/bin/gcc'
find program=['ar'] paths=['/usr/local/cs/bin', '/usr/lib64/qt-3.3/bin', '/usr/local/bin', '/bin', '/usr/bin', '/usr/X11R6/bin', '/opt/dell/srvadmin/bin', '/u/cs/ugrad/zheyuan/bin', '/usr/local/cs/bin'] var='AR' -> '/usr/bin/ar'
/usr/local/cs/bin/gcc
----------------------------------------
Checking for 'g++' (c++ compiler)
find program=['g++', 'c++'] paths='' var='CXX' -> '/usr/bin/g++'
(tool ar is already loaded, skipping)
/usr/bin/g++
----------------------------------------
Checking for header string.h
==>
#include <string.h>

int main() {
	return 0;
}

<==
[1/2] [32mcxx: build/.conf_check_b141d776b4c9931d133a367f1bba2bac/test.cpp -> build/.conf_check_b141d776b4c9931d133a367f1bba2bac/testbuild/test.cpp.1.o
[0m
['/usr/bin/g++', '../test.cpp', '-c', '-o', 'test.cpp.1.o']
[2/2] [33mcxxprogram: build/.conf_check_b141d776b4c9931d133a367f1bba2bac/testbuild/test.cpp.1.o -> build/.conf_check_b141d776b4c9931d133a367f1bba2bac/testbuild/testprog
[0m
['/usr/bin/g++', 'test.cpp.1.o', '-o', '/w/ugrad.20/cs/zheyuan/CS118Lab1/cs118-project1/CS118-Project1/build/.conf_check_b141d776b4c9931d133a367f1bba2bac/testbuild/testprog', '-Wl,-Bstatic', '-Wl,-Bdynamic']
yes
----------------------------------------
Checking for function memmem
==>
#include <string.h>

	int main() {
	void *p;
	p=(void*)(memmem);
	return 0;
}

<==
[1/2] [32mcxx: build/.conf_check_af718a5c28161c7ecc5532867b677e33/test.cpp -> build/.conf_check_af718a5c28161c7ecc5532867b677e33/testbuild/test.cpp.1.o
[0m
['/usr/bin/g++', '-DHAVE_STRING_H=1', '../test.cpp', '-c', '-o', 'test.cpp.1.o']
[2/2] [33mcxxprogram: build/.conf_check_af718a5c28161c7ecc5532867b677e33/testbuild/test.cpp.1.o -> build/.conf_check_af718a5c28161c7ecc5532867b677e33/testbuild/testprog
[0m
['/usr/bin/g++', 'test.cpp.1.o', '-o', '/w/ugrad.20/cs/zheyuan/CS118Lab1/cs118-project1/CS118-Project1/build/.conf_check_af718a5c28161c7ecc5532867b677e33/testbuild/testprog', '-Wl,-Bstatic', '-Wl,-Bdynamic']
yes
----------------------------------------
Checking for function stpncpy
==>
#include <string.h>

	int main() {
	void *p;
	p=(void*)(stpncpy);
	return 0;
}

<==
[1/2] [32mcxx: build/.conf_check_2efa5c7b297dfc512e5851df5dbe1f80/test.cpp -> build/.conf_check_2efa5c7b297dfc512e5851df5dbe1f80/testbuild/test.cpp.1.o
[0m
['/usr/bin/g++', '-DHAVE_STRING_H=1', '-DHAVE_MEMMEM=1', '../test.cpp', '-c', '-o', 'test.cpp.1.o']
[2/2] [33mcxxprogram: build/.conf_check_2efa5c7b297dfc512e5851df5dbe1f80/testbuild/test.cpp.1.o -> build/.conf_check_2efa5c7b297dfc512e5851df5dbe1f80/testbuild/testprog
[0m
['/usr/bin/g++', 'test.cpp.1.o', '-o', '/w/ugrad.20/cs/zheyuan/CS118Lab1/cs118-project1/CS118-Project1/build/.conf_check_2efa5c7b297dfc512e5851df5dbe1f80/testbuild/testprog', '-Wl,-Bstatic', '-Wl,-Bdynamic']
yes
----------------------------------------
Checking boost includes
1_41
----------------------------------------
Checking boost libs
Found the boost path in /usr/lib64 with the libraries:
    /usr/lib64/libboost_date_time-mt.so
    /usr/lib64/libboost_date_time-mt.so.5
    /usr/lib64/libboost_date_time.so
    /usr/lib64/libboost_date_time.so.5
    /usr/lib64/libboost_filesystem-mt.so
    /usr/lib64/libboost_filesystem-mt.so.5
    /usr/lib64/libboost_filesystem.so
    /usr/lib64/libboost_filesystem.so.5
    /usr/lib64/libboost_graph-mt.so
    /usr/lib64/libboost_graph-mt.so.5
    /usr/lib64/libboost_graph.so
    /usr/lib64/libboost_graph.so.5
    /usr/lib64/libboost_iostreams-mt.so
    /usr/lib64/libboost_iostreams-mt.so.5
    /usr/lib64/libboost_iostreams.so
    /usr/lib64/libboost_iostreams.so.5
    /usr/lib64/libboost_prg_exec_monitor-mt.so
    /usr/lib64/libboost_prg_exec_monitor-mt.so.5
    /usr/lib64/libboost_prg_exec_monitor.so
    /usr/lib64/libboost_prg_exec_monitor.so.5
    /usr/lib64/libboost_program_options-mt.so
    /usr/lib64/libboost_program_options-mt.so.5
    /usr/lib64/libboost_program_options.so
    /usr/lib64/libboost_program_options.so.5
    /usr/lib64/libboost_python-mt.so
    /usr/lib64/libboost_python-mt.so.5
    /usr/lib64/libboost_python.so
    /usr/lib64/libboost_python.so.5
    /usr/lib64/libboost_regex-mt.so
    /usr/lib64/libboost_regex-mt.so.5
    /usr/lib64/libboost_regex.so
    /usr/lib64/libboost_regex.so.5
    /usr/lib64/libboost_serialization-mt.so
    /usr/lib64/libboost_serialization-mt.so.5
    /usr/lib64/libboost_serialization.so
    /usr/lib64/libboost_serialization.so.5
    /usr/lib64/libboost_signals-mt.so
    /usr/lib64/libboost_signals-mt.so.5
    /usr/lib64/libboost_signals.so
    /usr/lib64/libboost_signals.so.5
    /usr/lib64/libboost_system-mt.so
    /usr/lib64/libboost_system-mt.so.5
    /usr/lib64/libboost_system.so
    /usr/lib64/libboost_system.so.5
    /usr/lib64/libboost_thread-mt.so
    /usr/lib64/libboost_thread-mt.so.5
    /usr/lib64/libboost_unit_test_framework-mt.so
    /usr/lib64/libboost_unit_test_framework-mt.so.5
    /usr/lib64/libboost_unit_test_framework.so
    /usr/lib64/libboost_unit_test_framework.so.5
    /usr/lib64/libboost_wave-mt.so
    /usr/lib64/libboost_wave-mt.so.5
    /usr/lib64/libboost_wserialization-mt.so
    /usr/lib64/libboost_wserialization-mt.so.5
    /usr/lib64/libboost_wserialization.so
    /usr/lib64/libboost_wserialization.so.5
Trying pattern boost_system(-gcc[0-9]{0,3})+(-1_41)+
Trying pattern boost_system(-1_41)+
Trying pattern boost_system(-1_41)+
Trying pattern boost_system(-gcc[0-9]{0,3})+
Trying pattern boost_system
Found boost lib libboost_system-mt.so
Trying pattern boost_thread(-gcc[0-9]{0,3})+(-1_41)+
Trying pattern boost_thread(-1_41)+
Trying pattern boost_thread(-1_41)+
Trying pattern boost_thread(-gcc[0-9]{0,3})+
Trying pattern boost_thread
Found boost lib libboost_thread-mt.so
ok
----------------------------------------
Checking for boost linkage
==>
#include <boost/system/error_code.hpp>
int main() { boost::system::error_code c; }
<==
[1/2] [32mcxx: build/.conf_check_968fbcee789046a8c143bb4a6e302895/test.cpp -> build/.conf_check_968fbcee789046a8c143bb4a6e302895/testbuild/test.cpp.1.o
[0m
['/usr/bin/g++', '-I/usr/include', '-DHAVE_STRING_H=1', '-DHAVE_MEMMEM=1', '-DHAVE_STPNCPY=1', '../test.cpp', '-c', '-o', 'test.cpp.1.o']
[2/2] [33mcxxprogram: build/.conf_check_968fbcee789046a8c143bb4a6e302895/testbuild/test.cpp.1.o -> build/.conf_check_968fbcee789046a8c143bb4a6e302895/testbuild/testprog
[0m
['/usr/bin/g++', 'test.cpp.1.o', '-o', '/w/ugrad.20/cs/zheyuan/CS118Lab1/cs118-project1/CS118-Project1/build/.conf_check_968fbcee789046a8c143bb4a6e302895/testbuild/testprog', '-Wl,-Bstatic', '-Wl,-Bdynamic', '-L/usr/lib64', '-lboost_system-mt', '-lboost_thread-mt']
==>
#include <boost/thread.hpp>
int main() { boost::thread t; }
<==
[1/2] [32mcxx: build/.conf_check_f9432292e9cb949513778706dc8c1baa/test.cpp -> build/.conf_check_f9432292e9cb949513778706dc8c1baa/testbuild/test.cpp.1.o
[0m
['/usr/bin/g++', '-I/usr/include', '-DHAVE_STRING_H=1', '-DHAVE_MEMMEM=1', '-DHAVE_STPNCPY=1', '../test.cpp', '-c', '-o', 'test.cpp.1.o']
[2/2] [33mcxxprogram: build/.conf_check_f9432292e9cb949513778706dc8c1baa/testbuild/test.cpp.1.o -> build/.conf_check_f9432292e9cb949513778706dc8c1baa/testbuild/testprog
[0m
['/usr/bin/g++', 'test.cpp.1.o', '-o', '/w/ugrad.20/cs/zheyuan/CS118Lab1/cs118-project1/CS118-Project1/build/.conf_check_f9432292e9cb949513778706dc8c1baa/testbuild/testprog', '-Wl,-Bstatic', '-Wl,-Bdynamic', '-L/usr/lib64', '-lboost_system-mt', '-lboost_thread-mt']
ok
----------------------------------------
Checking allowed flags for c++ compiler
==>

int main() {
	return 0;
}

<==
[1/2] [32mcxx: build/.conf_check_9ea05810aa53a56f54bd2c04356b1cb9/test.cpp -> build/.conf_check_9ea05810aa53a56f54bd2c04356b1cb9/testbuild/test.cpp.1.o
[0m
['/usr/bin/g++', '-O0', '-DHAVE_STRING_H=1', '-DHAVE_MEMMEM=1', '-DHAVE_STPNCPY=1', '../test.cpp', '-c', '-o', 'test.cpp.1.o']
[2/2] [33mcxxprogram: build/.conf_check_9ea05810aa53a56f54bd2c04356b1cb9/testbuild/test.cpp.1.o -> build/.conf_check_9ea05810aa53a56f54bd2c04356b1cb9/testbuild/testprog
[0m
['/usr/bin/g++', 'test.cpp.1.o', '-o', '/w/ugrad.20/cs/zheyuan/CS118Lab1/cs118-project1/CS118-Project1/build/.conf_check_9ea05810aa53a56f54bd2c04356b1cb9/testbuild/testprog', '-Wl,-Bstatic', '-Wl,-Bdynamic']
==>

int main() {
	return 0;
}

<==
[1/2] [32mcxx: build/.conf_check_4a48fdeb09b262415c3b65209a4ca0f1/test.cpp -> build/.conf_check_4a48fdeb09b262415c3b65209a4ca0f1/testbuild/test.cpp.1.o
[0m
['/usr/bin/g++', '-g3', '-DHAVE_STRING_H=1', '-DHAVE_MEMMEM=1', '-DHAVE_STPNCPY=1', '../test.cpp', '-c', '-o', 'test.cpp.1.o']
[2/2] [33mcxxprogram: build/.conf_check_4a48fdeb09b262415c3b65209a4ca0f1/testbuild/test.cpp.1.o -> build/.conf_check_4a48fdeb09b262415c3b65209a4ca0f1/testbuild/testprog
[0m
['/usr/bin/g++', 'test.cpp.1.o', '-o', '/w/ugrad.20/cs/zheyuan/CS118Lab1/cs118-project1/CS118-Project1/build/.conf_check_4a48fdeb09b262415c3b65209a4ca0f1/testbuild/testprog', '-Wl,-Bstatic', '-Wl,-Bdynamic']
==>

int main() {
	return 0;
}

<==
[1/2] [32mcxx: build/.conf_check_1f826cc5dc606b1aef2555217e072e1c/test.cpp -> build/.conf_check_1f826cc5dc606b1aef2555217e072e1c/testbuild/test.cpp.1.o
[0m
['/usr/bin/g++', '-Wall', '-DHAVE_STRING_H=1', '-DHAVE_MEMMEM=1', '-DHAVE_STPNCPY=1', '../test.cpp', '-c', '-o', 'test.cpp.1.o']
[2/2] [33mcxxprogram: build/.conf_check_1f826cc5dc606b1aef2555217e072e1c/testbuild/test.cpp.1.o -> build/.conf_check_1f826cc5dc606b1aef2555217e072e1c/testbuild/testprog
[0m
['/usr/bin/g++', 'test.cpp.1.o', '-o', '/w/ugrad.20/cs/zheyuan/CS118Lab1/cs118-project1/CS118-Project1/build/.conf_check_1f826cc5dc606b1aef2555217e072e1c/testbuild/testprog', '-Wl,-Bstatic', '-Wl,-Bdynamic']
==>

int main() {
	return 0;
}

<==
[1/2] [32mcxx: build/.conf_check_cf8810e43ad3f6c22b4e5bc2f45d04d4/test.cpp -> build/.conf_check_cf8810e43ad3f6c22b4e5bc2f45d04d4/testbuild/test.cpp.1.o
[0m
['/usr/bin/g++', '-Wno-unused-private-field', '-DHAVE_STRING_H=1', '-DHAVE_MEMMEM=1', '-DHAVE_STPNCPY=1', '../test.cpp', '-c', '-o', 'test.cpp.1.o']
[2/2] [33mcxxprogram: build/.conf_check_cf8810e43ad3f6c22b4e5bc2f45d04d4/testbuild/test.cpp.1.o -> build/.conf_check_cf8810e43ad3f6c22b4e5bc2f45d04d4/testbuild/testprog
[0m
['/usr/bin/g++', 'test.cpp.1.o', '-o', '/w/ugrad.20/cs/zheyuan/CS118Lab1/cs118-project1/CS118-Project1/build/.conf_check_cf8810e43ad3f6c22b4e5bc2f45d04d4/testbuild/testprog', '-Wl,-Bstatic', '-Wl,-Bdynamic']
==>

int main() {
	return 0;
}

<==
[1/2] [32mcxx: build/.conf_check_c3f695c8679173233bdf0a2254c891cb/test.cpp -> build/.conf_check_c3f695c8679173233bdf0a2254c891cb/testbuild/test.cpp.1.o
[0m
['/usr/bin/g++', '-fcolor-diagnostics', '-DHAVE_STRING_H=1', '-DHAVE_MEMMEM=1', '-DHAVE_STPNCPY=1', '../test.cpp', '-c', '-o', 'test.cpp.1.o']
err: cc1plus: error: unrecognized command line option "-fcolor-diagnostics"

from /w/ugrad.20/cs/zheyuan/CS118Lab1/cs118-project1/CS118-Project1: Test does not build: Traceback (most recent call last):
  File "/w/ugrad.20/cs/zheyuan/CS118Lab1/cs118-project1/CS118-Project1/.waf-1.6.11-e259c754a0d76606fd48525f48505e56/waflib/Tools/c_config.py", line 445, in run_c_code
    bld.compile()
  File "/w/ugrad.20/cs/zheyuan/CS118Lab1/cs118-project1/CS118-Project1/.waf-1.6.11-e259c754a0d76606fd48525f48505e56/waflib/Build.py", line 190, in compile
    raise Errors.BuildError(self.producer.error)
BuildError: Build failed
 -> task in 'testprog' failed (exit status 1): 
	{task 34772112: cxx test.cpp -> test.cpp.1.o}
['/usr/bin/g++', '-fcolor-diagnostics', '-DHAVE_STRING_H=1', '-DHAVE_MEMMEM=1', '-DHAVE_STPNCPY=1', '../test.cpp', '-c', '-o', 'test.cpp.1.o']

from /w/ugrad.20/cs/zheyuan/CS118Lab1/cs118-project1/CS118-Project1: The configuration failed
==>

int main() {
	return 0;
}

<==
[1/2] [32mcxx: build/.conf_check_1f0ddfd47aa2dea353fcf6122aa3759f/test.cpp -> build/.conf_check_1f0ddfd47aa2dea353fcf6122aa3759f/testbuild/test.cpp.1.o
[0m
['/usr/bin/g++', '-Qunused-arguments', '-DHAVE_STRING_H=1', '-DHAVE_MEMMEM=1', '-DHAVE_STPNCPY=1', '../test.cpp', '-c', '-o', 'test.cpp.1.o']
err: g++: unrecognized option '-Qunused-arguments'

[2/2] [33mcxxprogram: build/.conf_check_1f0ddfd47aa2dea353fcf6122aa3759f/testbuild/test.cpp.1.o -> build/.conf_check_1f0ddfd47aa2dea353fcf6122aa3759f/testbuild/testprog
[0m
['/usr/bin/g++', 'test.cpp.1.o', '-o', '/w/ugrad.20/cs/zheyuan/CS118Lab1/cs118-project1/CS118-Project1/build/.conf_check_1f0ddfd47aa2dea353fcf6122aa3759f/testbuild/testprog', '-Wl,-Bstatic', '-Wl,-Bdynamic']
==>

int main() {
	return 0;
}

<==
[1/2] [32mcxx: build/.conf_check_16f4aa9f7912d19cf6a528294fe632d9/test.cpp -> build/.conf_check_16f4aa9f7912d19cf6a528294fe632d9/testbuild/test.cpp.1.o
[0m
['/usr/bin/g++', '-Werror', '-DHAVE_STRING_H=1', '-DHAVE_MEMMEM=1', '-DHAVE_STPNCPY=1', '../test.cpp', '-c', '-o', 'test.cpp.1.o']
[2/2] [33mcxxprogram: build/.conf_check_16f4aa9f7912d19cf6a528294fe632d9/testbuild/test.cpp.1.o -> build/.conf_check_16f4aa9f7912d19cf6a528294fe632d9/testbuild/testprog
[0m
['/usr/bin/g++', 'test.cpp.1.o', '-o', '/w/ugrad.20/cs/zheyuan/CS118Lab1/cs118-project1/CS118-Project1/build/.conf_check_16f4aa9f7912d19cf6a528294fe632d9/testbuild/testprog', '-Wl,-Bstatic', '-Wl,-Bdynamic']
-O0 -g3 -Wall -Wno-unused-private-field -Qunused-arguments -Werror
